===== Table =====
 3  6  7  5  3  5 
 6  2  9  1  2  7 
 0  9  3  6  0  6 
 2  6  1  8  7  9 
 2  0  2  3  7  5 
 9  2  2  8  9  7 

What is the index of the word you are searching for? 3
How many top documents you want to retrieve? 5

The top documents are: 
Document 02: Occurence of 6, Frequency of 0.250
Document 03: Occurence of 8, Frequency of 0.242
Document 05: Occurence of 8, Frequency of 0.216
Document 00: Occurence of 5, Frequency of 0.172
Document 04: Occurence of 3, Frequency of 0.158

Do you want to search again? (0 = no / 1 = yes) 0

Ended.

===== Table =====
 0  7  8  2  2  1  7  6  9  4 
 3  3  2  3  1  6  6  7  8  0 
 2  7  7  2  5  6  5  3  4  1 
 8  6  1  7  9  5  0  6  1  9 
 2  6  4  4  9  6  1  7  5  9 
 8  7  8  7  9  4  3  6  7  0 
 0  5  6  1  4  5  8  6  4  1 
 5  6  7  2  3  9  0  4  6  5 
 5  4  2  3  1  4  7  5  0  6 
 5  0  4  3  3  0  9  1  7  5 

What is the index of the word you are searching for? 9
How many top documents you want to retrieve? 7

The top documents are: 
Document 03: Occurence of 9, Frequency of 0.173
Document 04: Occurence of 9, Frequency of 0.170
Document 08: Occurence of 6, Frequency of 0.162
Document 09: Occurence of 5, Frequency of 0.135
Document 07: Occurence of 5, Frequency of 0.106
Document 00: Occurence of 4, Frequency of 0.087
Document 06: Occurence of 1, Frequency of 0.025

Do you want to search again? (0 = no / 1 = yes) 1

What is the index of the word you are searching for? 3
How many top documents you want to retrieve? 6

The top documents are: 
Document 03: Occurence of 7, Frequency of 0.135
Document 05: Occurence of 7, Frequency of 0.119
Document 08: Occurence of 3, Frequency of 0.081
Document 09: Occurence of 3, Frequency of 0.081
Document 01: Occurence of 3, Frequency of 0.077
Document 04: Occurence of 4, Frequency of 0.075

Do you want to search again? (0 = no / 1 = yes) 1

What is the index of the word you are searching for? 2
How many top documents you want to retrieve? 4

The top documents are: 
Document 00: Occurence of 8, Frequency of 0.174
Document 02: Occurence of 7, Frequency of 0.167
Document 06: Occurence of 6, Frequency of 0.150
Document 07: Occurence of 7, Frequency of 0.149

Do you want to search again? (0 = no / 1 = yes) 0

Ended.

