cloudy -1072 2
cloudy 276 8
cloudy -9176 4
cloudy -31236 8
cloudy 31278 2
cloudy -2029 4
cloudy -40438 5
cloudy -77237 3
cloudy -41136 4
cloudy -32387 2
cloudy 38788 5
cloudy 33354 4
cloudy -53991 3
cloudy 17978 5
cloudy -24979 2
cloudy 14467 3
cloudy 56159 6
cloudy 27565 5
cloudy 7647 2
cloudy -17744 4
cloudy -144371 4
cloudy 39140 4
cloudy 11029 6
cloudy -23175 2
cloudy -115120 9
cloudy 12804 3
cloudy 52148 3
cloudy -45811 3
cloudy 72382 3
cloudy -61317 4
cloudy 109895 4
cloudy -122833 3
cloudy 71923 3
cloudy 103280 3
cloudy -43184 2
cloudy 17715 2
cloudy 82496 2
cloudy 20659 2
cloudy 20818 5
cloudy 6874 2
cloudy -31265 3
cloudy 18238 2
cloudy 13100 3
cloudy 30164 2
cloudy 3517 2
cloudy -23457 4
cloudy -19795 2
cloudy 22128 1
player -27264 2
cloudy -9903 2
cloudy 3812 2
cloudy -28317 2
cloudy -41318 2
cloudy -56207 3
cloudy -7079 1
cloudy -59071 6
cloudy 418 5
cloudy -2381 4
cloudy 94022 2
cloudy 10180 3
cloudy 13015 3
cloudy 4886 4
cloudy -220 7
cloudy -2308 2
cloudy 65660 4
cloudy -1212 6
cloudy -49564 3
cloudy 3483 5
