q 5562 2 275.73 8 3 1
s 0 5 22.74 4 3 1
a 5518 5 279.31 4 3 1
s 755 12 134.65 0 3 2
a 0 7 7.87 0 3 2
q 0 7 -0.99 0 3 2
s 54 7 17.66 0 3 2
s 1188 4 170.23 6 3 1
f 1044 11 95.30 7 3 1
e 6766 4 334.50 7 3 1
f 1097 2 94.24 9 3 1
qqq' 2777 1 241.49 8 3 1
dff 4547 3 222.86 6 3 1
hey 2288 1 138.01 8 3 1
qqq 2227 6 155.23 6 3 1
aaa 0 8 -30.31 0 3 2
6 29 0 18.93 10 3 1
fr 4 0 -12.28 10 3 1
hey 0 1 194.04 9 3 1
dn 0 3 314.09 8 3 1
rr 0 6 374.03 6 3 1
qqq 6287 3 413.01 8 3 1
qqq 1885 1 163.19 9 3 1
asdfg 3668 3 177.29 7 3 1
gh 4362 2 208.04 8 3 1
dd 9132 3 450.49 7 3 1
ddd 6667 1 320.99 8 3 1
rgg 6204 2 300.14 8 3 1
rtf 8743 5 437.29 6 3 1
rrg 4417 2 210.75 8 3 1
ddfg 4492 4 241.96 5 3 1
sfg 7560 4 375.85 6 3 1
t 5341 5 270.47 4 3 1
edfgh 4223 2 202.74 7 3 1
erf 5181 1 246.70 8 3 1
heys 7233 2 351.56 8 3 1
ert 7125 2 347.81 7 3 1
445fdfg 6871 2 333.49 8 3 1
6 812 4 122.03 9 3 1
ert 1622 4 156.55 6 3 1
werfg 619 2 51.43 8 3 1
sdf 6188 6 310.17 7 3 1
erg 6875 3 335.97 8 3 1
3 2635 3 169.90 8 3 1
vbn 444 4 63.92 8 3 1
rty 1571 12 169.94 2 2 1
erty 4727 4 312.24 8 3 1
ert 1987 8 182.73 6 1 1
dfg 0 5 -334.04 0 0 2
edrft 0 3 -44.43 8 0 2
0 0 4 -124.08 8 0 2
ser 62 2 -28.66 8 2 1
we 0 7 23.80 0 3 2
hey 0 1 10.84 10 3 1
